# JRE version: Java(TM) SE Runtime Environment (8.0_144-b01) (build 1.8.0_144-b01)
# Java VM: Java HotSpot(TM) 64-Bit Server VM (25.144-b01 mixed mode bsd-amd64 compressed oops)
Heap:
 PSYoungGen      total 638976K, used 45655K [0x0000000795580000, 0x00000007c0000000, 0x00000007c0000000)
  eden space 576512K, 3% used [0x0000000795580000,0x0000000796a1e4c0,0x00000007b8880000)
  from space 62464K, 39% used [0x00000007bc300000,0x00000007bdaf7a70,0x00000007c0000000)
  to   space 59904K, 0% used [0x00000007b8880000,0x00000007b8880000,0x00000007bc300000)
 ParOldGen       total 466432K, used 386344K [0x0000000740000000, 0x000000075c780000, 0x0000000795580000)
  object space 466432K, 82% used [0x0000000740000000,0x000000075794a380,0x000000075c780000)
 Metaspace       used 11470K, capacity 11800K, committed 11904K, reserved 1060864K
  class space    used 1312K, capacity 1397K, committed 1408K, reserved 1048576K
GC Heap History (10 events):
Event: 18.265 GC heap before
{Heap before GC invocations=22 (full 3):
 PSYoungGen      total 640000K, used 619424K [0x0000000795580000, 0x00000007c0000000, 0x00000007c0000000)
  eden space 583168K, 100% used [0x0000000795580000,0x00000007b8f00000,0x00000007b8f00000)
  from space 56832K, 63% used [0x00000007bc880000,0x00000007bebe8000,0x00000007c0000000)
  to   space 57856K, 0% used [0x00000007b8f00000,0x00000007b8f00000,0x00000007bc780000)
 ParOldGen       total 332288K, used 241134K [0x0000000740000000, 0x0000000754480000, 0x0000000795580000)
  object space 332288K, 72% used [0x0000000740000000,0x000000074eb7bb58,0x0000000754480000)
 Metaspace       used 10021K, capacity 10282K, committed 10624K, reserved 1058816K
  class space    used 1201K, capacity 1300K, committed 1408K, reserved 1048576K
Event: 18.308 GC heap after
Heap after GC invocations=22 (full 3):
 PSYoungGen      total 619520K, used 36224K [0x0000000795580000, 0x00000007c0000000, 0x00000007c0000000)
  eden space 583168K, 0% used [0x0000000795580000,0x0000000795580000,0x00000007b8f00000)
  from space 36352K, 99% used [0x00000007b8f00000,0x00000007bb260000,0x00000007bb280000)
  to   space 58880K, 0% used [0x00000007bc680000,0x00000007bc680000,0x00000007c0000000)
 ParOldGen       total 332288K, used 277278K [0x0000000740000000, 0x0000000754480000, 0x0000000795580000)
  object space 332288K, 83% used [0x0000000740000000,0x0000000750ec7b58,0x0000000754480000)
 Metaspace       used 10021K, capacity 10282K, committed 10624K, reserved 1058816K
  class space    used 1201K, capacity 1300K, committed 1408K, reserved 1048576K
}
Event: 19.936 GC heap before
{Heap before GC invocations=23 (full 3):
 PSYoungGen      total 619520K, used 619392K [0x0000000795580000, 0x00000007c0000000, 0x00000007c0000000)
  eden space 583168K, 100% used [0x0000000795580000,0x00000007b8f00000,0x00000007b8f00000)
  from space 36352K, 99% used [0x00000007b8f00000,0x00000007bb260000,0x00000007bb280000)
  to   space 58880K, 0% used [0x00000007bc680000,0x00000007bc680000,0x00000007c0000000)
 ParOldGen       total 332288K, used 277278K [0x0000000740000000, 0x0000000754480000, 0x0000000795580000)
  object space 332288K, 83% used [0x0000000740000000,0x0000000750ec7b58,0x0000000754480000)
 Metaspace       used 10025K, capacity 10282K, committed 10624K, reserved 1058816K
  class space    used 1201K, capacity 1300K, committed 1408K, reserved 1048576K
Event: 19.992 GC heap after
Heap after GC invocations=23 (full 3):
 PSYoungGen      total 636928K, used 39709K [0x0000000795580000, 0x00000007c0000000, 0x00000007c0000000)
  eden space 578048K, 0% used [0x0000000795580000,0x0000000795580000,0x00000007b8a00000)
  from space 58880K, 67% used [0x00000007bc680000,0x00000007bed476c8,0x00000007c0000000)
  to   space 60416K, 0% used [0x00000007b8a00000,0x00000007b8a00000,0x00000007bc500000)
 ParOldGen       total 332288K, used 313470K [0x0000000740000000, 0x0000000754480000, 0x0000000795580000)
  object space 332288K, 94% used [0x0000000740000000,0x000000075321fb58,0x0000000754480000)
 Metaspace       used 10025K, capacity 10282K, committed 10624K, reserved 1058816K
  class space    used 1201K, capacity 1300K, committed 1408K, reserved 1048576K
}
Event: 19.992 GC heap before
{Heap before GC invocations=24 (full 4):
 PSYoungGen      total 636928K, used 39709K [0x0000000795580000, 0x00000007c0000000, 0x00000007c0000000)
  eden space 578048K, 0% used [0x0000000795580000,0x0000000795580000,0x00000007b8a00000)
  from space 58880K, 67% used [0x00000007bc680000,0x00000007bed476c8,0x00000007c0000000)
  to   space 60416K, 0% used [0x00000007b8a00000,0x00000007b8a00000,0x00000007bc500000)
 ParOldGen       total 332288K, used 313470K [0x0000000740000000, 0x0000000754480000, 0x0000000795580000)
  object space 332288K, 94% used [0x0000000740000000,0x000000075321fb58,0x0000000754480000)
 Metaspace       used 10025K, capacity 10282K, committed 10624K, reserved 1058816K
  class space    used 1201K, capacity 1300K, committed 1408K, reserved 1048576K
Event: 20.101 GC heap after
Heap after GC invocations=24 (full 4):
 PSYoungGen      total 636928K, used 12328K [0x0000000795580000, 0x00000007c0000000, 0x00000007c0000000)
  eden space 578048K, 0% used [0x0000000795580000,0x0000000795580000,0x00000007b8a00000)
  from space 58880K, 20% used [0x00000007bc680000,0x00000007bd28a310,0x00000007c0000000)
  to   space 60416K, 0% used [0x00000007b8a00000,0x00000007b8a00000,0x00000007bc500000)
 ParOldGen       total 466432K, used 332080K [0x0000000740000000, 0x000000075c780000, 0x0000000795580000)
  object space 466432K, 71% used [0x0000000740000000,0x000000075444c380,0x000000075c780000)
 Metaspace       used 10025K, capacity 10282K, committed 10624K, reserved 1058816K
  class space    used 1201K, capacity 1300K, committed 1408K, reserved 1048576K
}
Event: 21.648 GC heap before
{Heap before GC invocations=25 (full 4):
 PSYoungGen      total 636928K, used 590376K [0x0000000795580000, 0x00000007c0000000, 0x00000007c0000000)
  eden space 578048K, 100% used [0x0000000795580000,0x00000007b8a00000,0x00000007b8a00000)
  from space 58880K, 20% used [0x00000007bc680000,0x00000007bd28a310,0x00000007c0000000)
  to   space 60416K, 0% used [0x00000007b8a00000,0x00000007b8a00000,0x00000007bc500000)
 ParOldGen       total 466432K, used 332080K [0x0000000740000000, 0x000000075c780000, 0x0000000795580000)
  object space 466432K, 71% used [0x0000000740000000,0x000000075444c380,0x000000075c780000)
 Metaspace       used 10029K, capacity 10282K, committed 10624K, reserved 1058816K
  class space    used 1201K, capacity 1300K, committed 1408K, reserved 1048576K
Event: 21.672 GC heap after
Heap after GC invocations=25 (full 4):
 PSYoungGen      total 619520K, used 41312K [0x0000000795580000, 0x00000007c0000000, 0x00000007c0000000)
  eden space 578048K, 0% used [0x0000000795580000,0x0000000795580000,0x00000007b8a00000)
  from space 41472K, 99% used [0x00000007b8a00000,0x00000007bb258000,0x00000007bb280000)
  to   space 62464K, 0% used [0x00000007bc300000,0x00000007bc300000,0x00000007c0000000)
 ParOldGen       total 466432K, used 345128K [0x0000000740000000, 0x000000075c780000, 0x0000000795580000)
  object space 466432K, 73% used [0x0000000740000000,0x000000075510a380,0x000000075c780000)
 Metaspace       used 10029K, capacity 10282K, committed 10624K, reserved 1058816K
  class space    used 1201K, capacity 1300K, committed 1408K, reserved 1048576K
}
Event: 4332.423 GC heap before
{Heap before GC invocations=26 (full 4):
 PSYoungGen      total 619520K, used 617989K [0x0000000795580000, 0x00000007c0000000, 0x00000007c0000000)
  eden space 578048K, 99% used [0x0000000795580000,0x00000007b88a9670,0x00000007b8a00000)
  from space 41472K, 99% used [0x00000007b8a00000,0x00000007bb258000,0x00000007bb280000)
  to   space 62464K, 0% used [0x00000007bc300000,0x00000007bc300000,0x00000007c0000000)
 ParOldGen       total 466432K, used 345128K [0x0000000740000000, 0x000000075c780000, 0x0000000795580000)
  object space 466432K, 73% used [0x0000000740000000,0x000000075510a380,0x000000075c780000)
 Metaspace       used 11465K, capacity 11736K, committed 11904K, reserved 1060864K
  class space    used 1312K, capacity 1397K, committed 1408K, reserved 1048576K
Event: 4332.912 GC heap after
Heap after GC invocations=26 (full 4):
 PSYoungGen      total 638976K, used 24542K [0x0000000795580000, 0x00000007c0000000, 0x00000007c0000000)
  eden space 576512K, 0% used [0x0000000795580000,0x0000000795580000,0x00000007b8880000)
  from space 62464K, 39% used [0x00000007bc300000,0x00000007bdaf7a70,0x00000007c0000000)
  to   space 59904K, 0% used [0x00000007b8880000,0x00000007b8880000,0x00000007bc300000)
 ParOldGen       total 466432K, used 386344K [0x0000000740000000, 0x000000075c780000, 0x0000000795580000)
  object space 466432K, 82% used [0x0000000740000000,0x000000075794a380,0x000000075c780000)
 Metaspace       used 11465K, capacity 11736K, committed 11904K, reserved 1060864K
  class space    used 1312K, capacity 1397K, committed 1408K, reserved 1048576K
}

